<?xml version="1.0" encoding="UTF-8"?>
<coverage generated="1497019132441" clover="3.2.0">
  <project timestamp="1497019132441" name="All files">
    <metrics statements="2" coveredstatements="2" conditionals="0" coveredconditionals="0" methods="2" coveredmethods="2" elements="4" coveredelements="4" complexity="0" loc="2" ncloc="2" packages="1" files="1" classes="1">
      <file name="dog.js" path="/Users/syed/repos/stack-from-scratch/src/dog.js">
        <metrics statements="2" coveredstatements="2" conditionals="0" coveredconditionals="0" methods="2" coveredmethods="2"/>
        <line num="7" count="1" type="stmt"/>
        <line num="11" count="1" type="stmt"/>
      </file>
    </metrics>
  </project>
</coverage>
